<?xml version="1.0" encoding="UTF-8"?>
<testsuite xmlns:xsi="http://www.w3.org/2001/XMLSchema-instance" xsi:noNamespaceSchemaLocation="https://maven.apache.org/surefire/maven-surefire-plugin/xsd/surefire-test-report-3.0.xsd" version="3.0" name="br.edu.ifpar.tsi3.tsfy.UI.TsfyUITest" time="0.102" tests="2" errors="0" skipped="0" failures="0">
  <properties>
[...]
</properties>
  <testcase name="deveCriarPlaylistEAdicionarMusica" classname="br.edu.ifpar.tsi3.tsfy.UI.TsfyUITest" time="0.031"/>
  <testcase name="deveCriarPlaylistNoArrayDaInterface" classname="br.edu.ifpar.tsi3.tsfy.UI.TsfyUITest" time="0.035">
    <system-out><![CDATA[Escolha uma playlist para adicionar músicas:
Informe o nome da playlist:
Informe a descrição da playlist:
Playlist criada com sucesso.
Músicas disponíveis:
[0] Bohemian Rhapsody - Queen
Digite o número da música que deseja adicionar à playlist ou 999 para sair:
Música adicionada à playlist Rock.
Digite outro número de música ou 999 para sair:
]]></system-out>
  </testcase>
</testsuite>